<?xml version="1.0" encoding="UTF-8"?>
<!-- Generated by org.testng.reporters.JUnitXMLReporter -->
<testsuite hostname="TYSS-Chandan" ignored="1" name="Default test" tests="1" failures="0" timestamp="2023-08-16T17:06:08 IST" time="0.117" errors="0">
  <testcase name="reverse" time="0.019" classname="Assignment.RemoveDuplicateWithoutCollection"/>
  <testcase name="RemoveDuplicateWithoutCollection" time="0.0" classname="Assignment.RemoveDuplicateWithoutCollection">
    <ignored/>
  </testcase> <!-- RemoveDuplicateWithoutCollection -->
</testsuite> <!-- Default test -->
