<?xml version="1.0" encoding="UTF-8"?>
<testng-results skipped="0" failed="0" ignored="1" total="2" passed="1">
  <reporter-output>
  </reporter-output>
  <suite name="Default suite" duration-ms="117" started-at="2023-08-16T17:06:07 IST" finished-at="2023-08-16T17:06:08 IST">
    <groups>
    </groups>
    <test name="Default test" duration-ms="117" started-at="2023-08-16T17:06:07 IST" finished-at="2023-08-16T17:06:08 IST">
      <class name="Assignment.RemoveDuplicateWithoutCollection">
        <test-method status="PASS" signature="reverse()[pri:0, instance:Assignment.RemoveDuplicateWithoutCollection@77f99a05]" name="reverse" duration-ms="19" started-at="2023-08-16T17:06:08 IST" finished-at="2023-08-16T17:06:08 IST">
          <reporter-output>
          </reporter-output>
        </test-method> <!-- reverse -->
      </class> <!-- Assignment.RemoveDuplicateWithoutCollection -->
    </test> <!-- Default test -->
  </suite> <!-- Default suite -->
</testng-results>
