<?xml version="1.0" encoding="UTF-8"?>
<testng-results skipped="0" failed="0" ignored="0" total="1" passed="1">
  <reporter-output>
  </reporter-output>
  <suite name="Default suite" duration-ms="25523" started-at="2023-05-17T12:01:42 IST" finished-at="2023-05-17T12:02:07 IST">
    <groups>
    </groups>
    <test name="Default test" duration-ms="25523" started-at="2023-05-17T12:01:42 IST" finished-at="2023-05-17T12:02:07 IST">
      <class name="SeleniumBasics.DependantOfGenericClass">
        <test-method status="PASS" signature="launchBrower()[pri:0, instance:SeleniumBasics.DependantOfGenericClass@467aecef]" name="launchBrower" is-config="true" duration-ms="24316" started-at="2023-05-17T12:01:42 IST" finished-at="2023-05-17T12:02:06 IST">
          <reporter-output>
          </reporter-output>
        </test-method> <!-- launchBrower -->
        <test-method status="PASS" signature="dependantOfGenericClass()[pri:0, instance:SeleniumBasics.DependantOfGenericClass@467aecef]" name="dependantOfGenericClass" duration-ms="112" started-at="2023-05-17T12:02:06 IST" finished-at="2023-05-17T12:02:06 IST">
          <reporter-output>
          </reporter-output>
        </test-method> <!-- dependantOfGenericClass -->
        <test-method status="PASS" signature="closeBrower()[pri:0, instance:SeleniumBasics.DependantOfGenericClass@467aecef]" name="closeBrower" is-config="true" duration-ms="1003" started-at="2023-05-17T12:02:06 IST" finished-at="2023-05-17T12:02:07 IST">
          <reporter-output>
          </reporter-output>
        </test-method> <!-- closeBrower -->
      </class> <!-- SeleniumBasics.DependantOfGenericClass -->
    </test> <!-- Default test -->
  </suite> <!-- Default suite -->
</testng-results>
